427 40007 0.0106731322019
36863 40033 0.920815327355
37553 40047 0.937723175269
37660 40030 0.940794404197
37867 40029 0.945989157861
37851 40047 0.945164431793
37896 40044 0.946359005094
37855 40033 0.945594884221
37792 40027 0.944162690184
37784 40000 0.9446
37815 40018 0.944949772602
37764 40012 0.943816854944
37813 40039 0.944404205899
37774 40033 0.943571553468
37729 40043 0.942212121969
37721 40034 0.942224109507
37682 40026 0.941438065258
37641 40032 0.940272781775
37674 40043 0.940838598507
37601 39988 0.940307092128
37599 39997 0.940045503413
37627 40043 0.939664860275
37572 40007 0.939135651261
37635 40007 0.940710375684
37547 40022 0.938159012543
37624 40016 0.940223910436
37526 40006 0.938009298605
37554 40002 0.938803059847
37577 40037 0.938556834928
37498 39978 0.937965881235
37560 40058 0.937640421389
37511 40023 0.937236089249
37559 40007 0.938810708126
37589 40021 0.939231903251
37533 40030 0.937621783662
37568 40007 0.939035668758
37525 40018 0.937703033635
37516 40028 0.93724392925
37571 40016 0.938899440224
37542 40014 0.938221622432
37559 40021 0.938482296794
37519 40022 0.937459397331
37460 39980 0.936968484242
37518 40003 0.937879659026
37493 39965 0.938145877643
37502 40017 0.937151710523
37482 39995 0.937167145893
37496 40035 0.936580492069
37492 40015 0.936948644258
37547 40043 0.937667007966
37529 40033 0.937451602428
37472 39994 0.936940541081
37469 40046 0.935649003646
37531 40000 0.938275
37585 40010 0.939390152462
37547 40034 0.937877803867
37562 40031 0.93832279983
37469 39999 0.93674841871
37577 40025 0.938838226109
37493 40035 0.936505557637
37456 40003 0.936329775267
37575 40016 0.93899940024
37557 40032 0.938174460432
37539 40046 0.937396993458
37503 39983 0.937973638796
37546 40024 0.938087147711
37495 40045 0.936321638157
37496 40020 0.936931534233
37541 39994 0.93866579987
37575 40046 0.938295959646
37481 40028 0.936369541321
37584 40047 0.938497265713
37589 40043 0.938715880429
37494 40002 0.937303134843
37526 40032 0.937400079936
37598 40021 0.939456785188
37536 39975 0.938986866792
37526 40020 0.93768115942
37575 40063 0.937897810948
37496 39994 0.937540631095
37512 40034 0.937003546985
37530 40015 0.937898288142
37495 39986 0.937703196119
37542 40013 0.938245070352
37614 40047 0.939246385497
37546 40039 0.937735707685
37499 39991 0.937685979345
37494 40019 0.936904970139
37524 39992 0.938287657532
37564 40049 0.937951010013
37491 40010 0.937040739815
37579 40026 0.93886473792
37561 40026 0.93841503023
37554 40040 0.937912087912
37517 40032 0.937175259792
37580 40022 0.938983559043
37622 40055 0.939258519536
37561 40033 0.938250942972
37619 40056 0.939160175754
37544 40000 0.9386
37501 39997 0.937595319649
time cost:14579.8355761 seconds
