286 40007 0.00714874896893
5970 40039 0.149104622993
15079 40041 0.376588996279
19564 40035 0.48867241164
22356 40015 0.558690491066
25348 40009 0.633557449574
27284 40009 0.681946562024
28709 39986 0.717976291702
30300 40033 0.756875577648
31933 39983 0.798664432384
33250 40009 0.831063010823
34365 40062 0.857795417103
35216 40049 0.879322829534
35907 40045 0.896666250468
36456 40030 0.910716962278
36587 40000 0.914675
36763 39980 0.919534767384
37084 40019 0.926659836578
37227 40022 0.930163410124
37280 39986 0.93232631421
37464 40013 0.936295703896
37526 40045 0.937095767262
37599 40016 0.939599160336
37596 40006 0.939759036145
37687 40000 0.942175
37635 40008 0.940686862627
37706 39987 0.94295646085
37723 40027 0.942438853774
37800 40034 0.944197432183
37696 40027 0.941764309091
37764 40008 0.943911217756
37864 40009 0.946387062911
37745 40009 0.943412732135
37808 40023 0.944656822327
37780 39995 0.94461807726
37812 40028 0.944638752873
37793 40028 0.94416408514
37735 40019 0.942927109623
37812 40027 0.944662352912
37867 40010 0.946438390402
37832 40050 0.944619225968
37788 40050 0.943520599251
37778 40026 0.943836506271
37808 40040 0.944255744256
37771 40039 0.943355228652
37735 40004 0.943280671933
37818 40015 0.945095589154
37768 40020 0.943728135932
37717 40011 0.942665766914
37761 40046 0.942940618289
37779 40021 0.943979410809
37764 40017 0.943698927956
37771 39981 0.944723743778
37736 39990 0.943635908977
37804 40036 0.944250174843
37808 40037 0.944326497989
37802 40042 0.944058738325
37819 40014 0.94514419953
37728 39977 0.943742652025
37845 40047 0.945014607836
37780 40026 0.943886473792
37773 40018 0.94390024489
37747 40009 0.943462720888
37828 40045 0.944637283057
37787 40000 0.944675
37808 40020 0.944727636182
37790 40055 0.943452752465
37790 40059 0.943358546144
37736 40019 0.942952097754
37753 39990 0.944061015254
37841 40049 0.944867537267
37762 40004 0.94395560444
37834 40020 0.945377311344
37795 40028 0.944214050165
37810 40049 0.94409348548
37720 40037 0.942128531109
37824 40032 0.9448441247
37766 40006 0.94400839874
37829 40027 0.94508706623
37791 40030 0.944066949788
37819 40025 0.94488444722
37812 40043 0.944284893739
37860 40019 0.946050625953
37738 40022 0.942931387737
37809 40034 0.944422241095
37882 40056 0.945725983623
37814 39991 0.945562751619
37830 40048 0.944616460248
37845 40034 0.945321476745
37823 40024 0.945007995203
37848 40029 0.945514501986
37795 39997 0.94494587094
37825 40041 0.944656726855
37850 40040 0.945304695305
37734 40006 0.943208518722
37808 40016 0.944822071172
37819 40014 0.94514419953
37851 40043 0.94525884674
37765 39998 0.94417220861
37811 40005 0.945156855393
37807 40019 0.944726255029
time cost:14941.7440851 seconds
