345 40007 0.00862349088909
37597 40000 0.939925
38107 40042 0.951675740473
38240 40044 0.954949555489
38167 40005 0.954055743032
38231 40018 0.955345094707
38225 40025 0.955028107433
38238 40058 0.954565879475
38184 40022 0.954075258608
38137 40026 0.95280567631
38137 39989 0.953687263998
38143 40034 0.952765149623
38079 40049 0.950810257435
38060 40017 0.951095784292
38017 40038 0.949522953194
37991 40014 0.949442695057
37996 39987 0.950208817866
37980 39988 0.949784935481
37981 40016 0.949145341863
38006 40035 0.949319345573
38005 40049 0.948962520912
38043 40038 0.950172336281
38040 40060 0.949575636545
37974 40020 0.948875562219
37969 40023 0.948679509282
37945 40019 0.948174617057
37945 39992 0.948814762953
37940 40010 0.948262934266
37952 39992 0.94898979796
37970 39998 0.949297464873
37932 40010 0.948062984254
37982 40023 0.949004322515
37974 40047 0.948235822908
37964 39982 0.949527287279
38022 40050 0.94936329588
38030 40055 0.949444513794
37966 40031 0.948414978392
37957 40014 0.948592992453
38034 40046 0.949757778555
38032 40053 0.949541857039
37999 40059 0.94857585062
37982 39995 0.949668708589
38051 40061 0.949826514565
37916 40001 0.947876303092
37970 40014 0.948917878742
37920 39985 0.948355633363
37925 39989 0.948385806097
37979 40021 0.948976787187
38039 40012 0.950689793062
37941 40006 0.948382742589
37953 40066 0.947262017671
37971 40014 0.948942869996
37951 40018 0.948348243291
37926 40018 0.947723524414
37969 40035 0.94839515424
37988 40021 0.949201669124
37938 40011 0.948189247957
37936 40022 0.947878666733
37959 40040 0.948026973027
37930 39967 0.949032952186
37950 40017 0.948346952545
37962 40043 0.948030866818
37955 40007 0.948708975929
37975 40024 0.94880571657
37971 39981 0.949726119907
37993 40058 0.948449747866
37962 40042 0.94805454273
37947 40026 0.948058761805
37951 40024 0.948206076354
37962 40023 0.948504609849
37986 40006 0.949507573864
37969 39992 0.949414882977
37974 40033 0.948567431869
37942 39982 0.948977039668
37955 40031 0.948140191352
38014 40023 0.949803862779
38022 40027 0.949908811552
37976 40041 0.948427861442
37939 40042 0.947480145847
37959 40041 0.948003296621
37957 40023 0.948379681683
37939 40035 0.947645809916
38010 40041 0.949276991084
37979 39976 0.950045027016
38012 40010 0.950062484379
37989 40050 0.948539325843
37967 40021 0.948676944604
37911 39991 0.947988297367
37949 40008 0.948535292941
37933 40025 0.947732667083
37927 40006 0.948032795081
37892 40002 0.947252637368
38012 40068 0.948687231706
37913 40009 0.947611787348
37898 40024 0.946881870877
37928 39970 0.948911683763
37970 40022 0.94872819949
37994 40016 0.949470211915
37956 40019 0.948449486494
38000 40046 0.948908754932
37954 40015 0.948494314632
time cost: 8808.03332114 seconds
