62 40007 0.00154972879746
8298 40007 0.207413702602
29195 40039 0.729164065037
33062 40024 0.82605436738
34987 40006 0.874543818427
35829 40059 0.894405751517
36553 40042 0.912866490185
36824 40032 0.919864108713
37074 40045 0.925808465476
37222 39982 0.930968936021
37379 40042 0.933494830428
37425 40035 0.934807043837
37549 40023 0.938185543313
37474 40028 0.936194663735
37615 39983 0.940774829302
37606 39996 0.940244024402
37619 40048 0.939347782661
37573 40038 0.938433488186
37546 40048 0.937524970036
37580 40013 0.939194761702
37675 40022 0.941357253511
37618 40006 0.940308953657
37643 40021 0.940581194873
37568 40012 0.938918324503
37574 40044 0.938317850365
37597 39986 0.940254088931
37532 40029 0.937620225337
37550 40023 0.938210528946
37488 40014 0.936872094767
37488 40017 0.93680185921
37473 39995 0.936942117765
37441 40011 0.935767663892
37480 40007 0.936836053691
37487 40034 0.936379077784
37418 40043 0.934445471119
37426 40043 0.934645256349
37409 40016 0.934851059576
37373 40025 0.933741411618
37348 40024 0.93314011593
37440 40012 0.935719284215
37396 40019 0.934456133337
37338 40034 0.932657241345
37357 40020 0.933458270865
37345 40005 0.933508311461
37403 40071 0.933418182726
37417 40045 0.934373829442
37368 40011 0.933943165629
37354 40019 0.93340663185
37307 40013 0.932371979107
37382 40002 0.934503274836
37441 40035 0.935206694143
37352 40014 0.93347328435
37387 40005 0.934558180227
37345 39980 0.934092046023
37453 40038 0.935436335481
37303 39999 0.932598314958
37424 40039 0.934688678538
37361 40023 0.93348824426
37341 39982 0.933945275374
37432 40059 0.934421727951
37360 40029 0.933323340578
37347 40030 0.932975268549
37324 40017 0.93270360097
37419 40036 0.934633829553
37392 40035 0.933982765081
37435 40033 0.93510353958
37465 40053 0.935385614061
37393 40031 0.934101071669
37387 40049 0.933531424006
37352 40018 0.933379979009
37406 40031 0.93442581999
37429 40015 0.935374234662
37375 40011 0.934118117518
37379 39995 0.934591823978
37400 39994 0.935140271041
37401 40033 0.934254240252
37379 40015 0.934124703236
37454 40004 0.936256374363
37401 40014 0.93469785575
37387 40024 0.934114531281
37378 40053 0.933213492123
37310 39987 0.933053242304
37435 40038 0.934986762576
37400 40025 0.934415990006
37443 40031 0.93535010367
37458 40061 0.935024088265
37442 40023 0.935512080554
37418 40054 0.934188845059
37339 40009 0.933265015372
37335 40014 0.933048433048
37337 40013 0.933121735436
37327 39989 0.933431693716
37392 40013 0.934496288706
37396 40009 0.934689694819
37262 39956 0.932575833417
37430 40042 0.934768493082
37382 40012 0.934269719084
37359 40030 0.933275043717
37419 40010 0.935241189703
37349 40012 0.93344496651
37393 40027 0.934194418767
time cost:8308.51649809 seconds
