983 40117 0.0245033277663
26208 40117 0.653289129297
33503 40117 0.835132238203
35114 40117 0.875289777401
35857 40117 0.893810603983
36380 40117 0.906847471147
36649 40117 0.913552857891
36931 40117 0.920582296782
37111 40117 0.92506917267
37188 40117 0.926988558466
37233 40117 0.928110277438
37320 40117 0.930278934118
37377 40117 0.931699778149
37387 40117 0.931949049032
37410 40117 0.932522372062
37498 40117 0.934715955829
37515 40117 0.93513971633
37553 40117 0.936086945684
37544 40117 0.935862601889
37505 40117 0.934890445447
37621 40117 0.937781987686
37499 40117 0.934740882917
37514 40117 0.935114789241
37582 40117 0.936809831244
37620 40117 0.937757060598
37671 40117 0.939028342099
37651 40117 0.938529800334
37593 40117 0.937084029215
37633 40117 0.938081112745
37653 40117 0.938579654511
37658 40117 0.938704289952
37644 40117 0.938355310716
37626 40117 0.937906623127
37601 40117 0.937283445921
37582 40117 0.936809831244
37598 40117 0.937208664656
37573 40117 0.936585487449
37677 40117 0.939177904629
37642 40117 0.93830545654
37640 40117 0.938255602363
37599 40117 0.937233591744
37616 40117 0.937657352245
37631 40117 0.938031258569
37630 40117 0.93800633148
37669 40117 0.938978487923
37630 40117 0.93800633148
37616 40117 0.937657352245
37580 40117 0.936759977067
37607 40117 0.93743300845
37602 40117 0.937308373009
37658 40117 0.938704289952
37652 40117 0.938554727422
37706 40117 0.939900790189
37613 40117 0.93758257098
37605 40117 0.937383154274
37614 40117 0.937607498068
37595 40117 0.937133883391
37669 40117 0.938978487923
37588 40117 0.936959393773
37654 40117 0.938604581599
37608 40117 0.937457935539
37602 40117 0.937308373009
37532 40117 0.93556347683
37606 40117 0.937408081362
37582 40117 0.936809831244
37624 40117 0.937856768951
37645 40117 0.938380237804
37595 40117 0.937133883391
37615 40117 0.937632425156
37644 40117 0.938355310716
37647 40117 0.938430091981
37675 40117 0.939128050452
37659 40117 0.93872921704
37620 40117 0.937757060598
37636 40117 0.93815589401
37709 40117 0.939975571453
37630 40117 0.93800633148
37683 40117 0.939327467159
37683 40117 0.939327467159
37677 40117 0.939177904629
37688 40117 0.9394521026
37689 40117 0.939477029688
37675 40117 0.939128050452
37678 40117 0.939202831717
37683 40117 0.939327467159
37621 40117 0.937781987686
37674 40117 0.939103123364
37701 40117 0.939776154747
37639 40117 0.938230675275
37697 40117 0.939676446394
37630 40117 0.93800633148
37730 40117 0.940499040307
37660 40117 0.938754144128
37709 40117 0.939975571453
37711 40117 0.94002542563
37647 40117 0.938430091981
37670 40117 0.939003415011
37660 40117 0.938754144128
37661 40117 0.938779071217
37614 40117 0.937607498068
