4043 40117 0.100780217863
6217 40117 0.154971707755
10271 40117 0.256026123589
18524 40117 0.461749383055
22985 40117 0.572949123813
25826 40117 0.643766981579
28388 40117 0.707630181718
30232 40117 0.753595732482
31792 40117 0.792481990179
32567 40117 0.811800483586
33368 40117 0.831767081287
34082 40117 0.84956502231
34459 40117 0.858962534586
34717 40117 0.865393723359
35413 40117 0.882742976793
35755 40117 0.89126804098
35913 40117 0.895206520926
36192 40117 0.902161178553
36516 40117 0.910237555151
36449 40117 0.908567440237
36524 40117 0.910436971857
36720 40117 0.915322681158
36979 40117 0.921778797019
36869 40117 0.919036817309
36977 40117 0.921728942842
37022 40117 0.922850661814
37138 40117 0.925742204053
37198 40117 0.927237829349
37112 40117 0.925094099758
37146 40117 0.925941620759
37164 40117 0.926390308348
37259 40117 0.928758381733
37157 40117 0.92621581873
37125 40117 0.925418151906
37283 40117 0.929356631852
37211 40117 0.927561881497
37251 40117 0.928558965027
37194 40117 0.927138120996
37277 40117 0.929207069322
37245 40117 0.928409402498
37265 40117 0.928907944263
37261 40117 0.92880823591
37304 40117 0.929880100705
37348 40117 0.930976892589
37237 40117 0.928209985792
37274 40117 0.929132288057
37234 40117 0.928135204527
37346 40117 0.930927038413
37270 40117 0.929032579704
37255 40117 0.92865867338
37321 40117 0.930303861206
37258 40117 0.928733454645
37253 40117 0.928608819204
37311 40117 0.930054590323
37258 40117 0.928733454645
37334 40117 0.930627913353
37318 40117 0.930229079941
37313 40117 0.9301044445
37424 40117 0.932871351297
37291 40117 0.929556048558
37300 40117 0.929780392352
37230 40117 0.928035496174
37255 40117 0.92865867338
37338 40117 0.930727621707
37320 40117 0.930278934118
37258 40117 0.928733454645
37308 40117 0.929979809059
37271 40117 0.929057506793
37275 40117 0.929157215146
37302 40117 0.929830246529
37291 40117 0.929556048558
37305 40117 0.929905027794
37374 40117 0.931624996884
37326 40117 0.930428496647
37375 40117 0.931649923972
37372 40117 0.931575142708
37399 40117 0.932248174091
37360 40117 0.931276017648
37381 40117 0.931799486502
37260 40117 0.928783308822
37391 40117 0.932048757385
37324 40117 0.930378642471
4269 40117 0.106413739811
4172 40117 0.103995812249
3664 40117 0.0913328514096
3773 40117 0.0940499040307
4023 40117 0.100281676097
3230 40117 0.0805144951018
3801 40117 0.0947478625022
3826 40117 0.0953710397089
2989 40117 0.0745070668295
4811 40117 0.119924221652
3415 40117 0.0851260064312
3351 40117 0.0835306727821
4126 40117 0.102849166189
5325 40117 0.132736745021
3940 40117 0.0982127277713
4727 40117 0.117830346237
4664 40117 0.116259939676
3912 40117 0.0975147692998
